0 info it worked if it ends with ok
1 verbose cli [ 'C:\\Program Files\\nodejs\\node.exe',
1 verbose cli   'C:\\Program Files\\nodejs\\node_modules\\npm\\bin\\npm-cli.js',
1 verbose cli   'start' ]
2 info using npm@3.10.10
3 info using node@v6.11.2
4 verbose run-script [ 'prestart', 'start', 'poststart' ]
5 info lifecycle projectdemo@0.1.0~prestart: projectdemo@0.1.0
6 silly lifecycle projectdemo@0.1.0~prestart: no script for prestart, continuing
7 info lifecycle projectdemo@0.1.0~start: projectdemo@0.1.0
8 verbose lifecycle projectdemo@0.1.0~start: unsafe-perm in lifecycle true
9 verbose lifecycle projectdemo@0.1.0~start: PATH: C:\Program Files\nodejs\node_modules\npm\bin\node-gyp-bin;C:\Research\GIT\NIT\React With Node\projectdemo2\node_modules\.bin;C:\Ruby21\bin;C:\Program Files\Microsoft MPI\Bin\;C:\ProgramData\Oracle\Java\javapath;C:\Program Files (x86)\Intel\iCLS Client\;C:\Program Files\Intel\iCLS Client\;C:\WINDOWS\system32;C:\WINDOWS;C:\WINDOWS\System32\Wbem;C:\WINDOWS\System32\WindowsPowerShell\v1.0\;C:\Program Files\Intel\Intel(R) Management Engine Components\DAL;C:\Program Files (x86)\Intel\Intel(R) Management Engine Components\DAL;C:\Program Files\Intel\Intel(R) Management Engine Components\IPT;C:\Program Files (x86)\Intel\Intel(R) Management Engine Components\IPT;C:\Program Files (x86)\WinMerge;C:\Program Files (x86)\QuickTime\QTSystem\;C:\Program Files\Microsoft\Web Platform Installer\;C:\Program Files\Microsoft Service Fabric\bin\Fabric\Fabric.Code;C:\Program Files\Microsoft SDKs\Service Fabric\Tools\ServiceFabricLocalClusterManager;C:\Program Files (x86)\Microsoft SDKs\Azure\CLI\wbin;C:\Program Files\Git\cmd;C:\Program Files\dotnet\;C:\Users\kamal\Downloads\devkit\bin;C:\Program Files (x86)\Windows Kits\10\Windows Performance Toolkit\;C:\HashiCorp\Vagrant\bin;C:\Program Files (x86)\Yarn\bin;C:\Program Files\TortoiseSVN\bin;C:\Program Files (x86)\Java\jre1.8.0_101\bin;C:\Program Files\PuTTY\;C:\XAMP\apache-ant-1.10.1\bin;C:\Users\kamal\AppData\Local\Android\sdk\tools;C:\Users\kamal\AppData\Local\Android\sdk\platform-tools;C:\ProgramData\chocolatey\bin;C:\Program Files\AMI\DuOS\;C:\Program Files (x86)\Skype\Phone\;C:\Program Files\nodejs\;C:\React Native\openssl-0.9.8k_WIN32\bin;C:\Program Files\TortoiseGit\bin;C:\Program Files (x86)\Microsoft Emulator Manager\1.0\;C:\Program Files\Microsoft SQL Server\130\Tools\Binn\;C:\Users\kamal\.dnx\bin;C:\Users\kamal\AppData\Local\Microsoft\WindowsApps;C:\Users\kamal\AppData\Local\Yarn\.bin;C:\Program Files (x86)\Microsoft VS Code\bin;C:\Users\kamal\AppData\Local\GitHubDesktop\bin;C:\Users\kamal\AppData\Roaming\npm;C:\Users\kamal\AppData\Local\Microsoft\WindowsApps
10 verbose lifecycle projectdemo@0.1.0~start: CWD: C:\Research\GIT\NIT\React With Node\projectdemo2
11 silly lifecycle projectdemo@0.1.0~start: Args: [ '/d /s /c', 'react-scripts start' ]
12 silly lifecycle projectdemo@0.1.0~start: Returned: code: 3221225786  signal: null
13 info lifecycle projectdemo@0.1.0~start: Failed to exec start script
14 verbose stack Error: projectdemo@0.1.0 start: `react-scripts start`
14 verbose stack Exit status 3221225786
14 verbose stack     at EventEmitter.<anonymous> (C:\Program Files\nodejs\node_modules\npm\lib\utils\lifecycle.js:255:16)
14 verbose stack     at emitTwo (events.js:106:13)
14 verbose stack     at EventEmitter.emit (events.js:191:7)
14 verbose stack     at ChildProcess.<anonymous> (C:\Program Files\nodejs\node_modules\npm\lib\utils\spawn.js:40:14)
14 verbose stack     at emitTwo (events.js:106:13)
14 verbose stack     at ChildProcess.emit (events.js:191:7)
14 verbose stack     at maybeClose (internal/child_process.js:891:16)
14 verbose stack     at Process.ChildProcess._handle.onexit (internal/child_process.js:226:5)
15 verbose pkgid projectdemo@0.1.0
16 verbose cwd C:\Research\GIT\NIT\React With Node\projectdemo2
17 error Windows_NT 10.0.16299
18 error argv "C:\\Program Files\\nodejs\\node.exe" "C:\\Program Files\\nodejs\\node_modules\\npm\\bin\\npm-cli.js" "start"
19 error node v6.11.2
20 error npm  v3.10.10
21 error code ELIFECYCLE
22 error projectdemo@0.1.0 start: `react-scripts start`
22 error Exit status 3221225786
23 error Failed at the projectdemo@0.1.0 start script 'react-scripts start'.
23 error Make sure you have the latest version of node.js and npm installed.
23 error If you do, this is most likely a problem with the projectdemo package,
23 error not with npm itself.
23 error Tell the author that this fails on your system:
23 error     react-scripts start
23 error You can get information on how to open an issue for this project with:
23 error     npm bugs projectdemo
23 error Or if that isn't available, you can get their info via:
23 error     npm owner ls projectdemo
23 error There is likely additional logging output above.
24 verbose exit [ 1, true ]
